#
# A fatal error has been detected by the Java Runtime Environment:
#
#  SIGSEGV (0xb) at pc=0x00007fef99879521, pid=18992, tid=140666884204288
#
# JRE version: 7.0_25-b15
# Java VM: Java HotSpot(TM) 64-Bit Server VM (23.25-b01 mixed mode linux-amd64 compressed oops)
# Problematic frame:
# V  [libjvm.so+0x512521]  oopDesc::size_given_klass(Klass*)+0x1
#
# Failed to write core dump. Core dumps have been disabled. To enable core dumping, try "ulimit -c unlimited" before starting Java again
#
# If you would like to submit a bug report, please visit:
#   http://bugreport.sun.com/bugreport/crash.jsp
#

---------------  T H R E A D  ---------------

Current thread (0x00007fef94021000):  GCTaskThread [stack: 0x00007fef8f9a2000,0x00007fef8faa3000] [id=19001]

siginfo:si_signo=SIGSEGV: si_errno=0, si_code=1 (SEGV_MAPERR), si_addr=0x00000005010fc258

Registers:
RAX=0x00000005010fc240, RBX=0x000000071f71e888, RCX=0x0000000000000003, RDX=0x00000000000f58cf
RSP=0x00007fef8faa1940, RBP=0x00007fef8faa19b0, RSI=0x00000005010fc250, RDI=0x000000071f719e50
R8 =0x0000000000000400, R9 =0x000000000001eb17, R10=0x0000000000000002, R11=0x00007fef9a056760
R12=0x00007fef9a05ade0, R13=0x000000071f719e50, R14=0x0000000000000002, R15=0x00007fef9415c230
RIP=0x00007fef99879521, EFLAGS=0x0000000000010202, CSGSFS=0x0000000000000033, ERR=0x0000000000000004
  TRAPNO=0x000000000000000e

Top of Stack: (sp=0x00007fef8faa1940)
0x00007fef8faa1940:   00007fef8faa19b0 00007fef9987282b
0x00007fef8faa1950:   000000071f71e870 00000007010fc490
0x00007fef8faa1960:   00000007010fc498 000000071f71e88c
0x00007fef8faa1970:   00007fef8faa19b0 00007fef9415c250
0x00007fef8faa1980:   00007fef9415c250 00007fef9415c230
0x00007fef8faa1990:   00007fef9a056760 00007fef9a052d88
0x00007fef8faa19a0:   0000000000000000 00007fef9415c240
0x00007fef8faa19b0:   00007fef8faa1aa0 00007fef99af697c
0x00007fef8faa19c0:   00007fef9419cc30 00007fef8faa1a10
0x00007fef8faa19d0:   00007fef8faa1a20 00007fef8faa1a00
0x00007fef8faa19e0:   00007fef8faa1a40 00007fef8faa1a50
0x00007fef8faa19f0:   00007fef9415c250 00007fef9415c2b0
0x00007fef8faa1a00:   0000000000000000 00007fef00000000
0x00007fef8faa1a10:   0000000000000000 00007fef94022250
0x00007fef8faa1a20:   00007fef94021000 0000000000000022
0x00007fef8faa1a30:   00000007b9ceff30 0000000000000c00
0x00007fef8faa1a40:   0000000000000000 00007fef9a056700
0x00007fef8faa1a50:   0000013e00000547 0000000000000001
0x00007fef8faa1a60:   0000013f00000547 00007fef99a717cf
0x00007fef8faa1a70:   00007fef94021000 00007fef8faa1ae0
0x00007fef8faa1a80:   00007fef940214f0 00007fef94021520
0x00007fef8faa1a90:   00007fef9415c230 00007fef9404c4d0
0x00007fef8faa1aa0:   00007fef8faa1b30 00007fef99adec0f
0x00007fef8faa1ab0:   00007fef94021530 00007fef94021908
0x00007fef8faa1ac0:   00007fef9a013f50 0000000000000000
0x00007fef8faa1ad0:   00007fef8faa1ae0 00007fef99a70601
0x00007fef8faa1ae0:   00007fef9a01b3b0 00007fef9404c400
0x00007fef8faa1af0:   0000000000000000 00007fef9415c230
0x00007fef8faa1b00:   00007fef8faa1b30 00007fef9404c4d0
0x00007fef8faa1b10:   00007fef94021000 0000000000000001
0x00007fef8faa1b20:   00007fef99c77843 0000000000000000
0x00007fef8faa1b30:   00007fef8faa1c10 00007fef9981aad0 

Instructions: (pc=0x00007fef99879521)
0x00007fef99879501:   00 48 8b 01 48 89 45 f0 48 8b 41 08 48 8d 4d f0
0x00007fef99879511:   48 89 45 f8 41 ff d0 c9 c3 90 90 90 90 90 90 55
0x00007fef99879521:   8b 4e 08 48 89 f2 48 89 e5 83 f9 00 7e 11 f6 c1
0x00007fef99879531:   01 75 14 89 c8 c9 c1 f8 03 c3 0f 1f 44 00 00 75 

Register to memory mapping:

RAX=0x00000005010fc240 is an unknown value
RBX=0x000000071f71e888 is an oop
com.mycompany.tiralabra_maven.tietorakenteet.AvainArvoSolmu 
 - klass: 'com/mycompany/tiralabra_maven/tietorakenteet/AvainArvoSolmu'
RCX=0x0000000000000003 is an unknown value
RDX=0x00000000000f58cf is an unknown value
RSP=0x00007fef8faa1940 is an unknown value
RBP=0x00007fef8faa19b0 is an unknown value
RSI=0x00000005010fc250 is an unknown value
RDI=
[error occurred during error reporting (printing register info), id 0xb]

Stack: [0x00007fef8f9a2000,0x00007fef8faa3000],  sp=0x00007fef8faa1940,  free space=1022k
Native frames: (J=compiled Java code, j=interpreted, Vv=VM code, C=native code)
V  [libjvm.so+0x512521]  oopDesc::size_given_klass(Klass*)+0x1
V  [libjvm.so+0x78f97c]  ParCompactionManager::follow_marking_stacks()+0x1ec
V  [libjvm.so+0x777c0f]  ThreadRootsMarkingTask::do_it(GCTaskManager*, unsigned int)+0xcf
V  [libjvm.so+0x4b3ad0]  GCTaskThread::run()+0x130
V  [libjvm.so+0x744270]  java_start(Thread*)+0x100


---------------  P R O C E S S  ---------------

Java Threads: ( => current thread )
  0x00007fef942dc000 JavaThread "Service Thread" daemon [_thread_blocked, id=19008, stack(0x00007fef7f5e9000,0x00007fef7f6ea000)]
  0x00007fef942b1000 JavaThread "C2 CompilerThread1" daemon [_thread_blocked, id=19007, stack(0x00007fef7f6ea000,0x00007fef7f7eb000)]
  0x00007fef942b2800 JavaThread "C2 CompilerThread0" daemon [_thread_blocked, id=19006, stack(0x00007fef7f7eb000,0x00007fef7f8ec000)]
  0x00007fef941f6800 JavaThread "Signal Dispatcher" daemon [_thread_blocked, id=19005, stack(0x00007fef7fb02000,0x00007fef7fc03000)]
  0x00007fef941a8800 JavaThread "Finalizer" daemon [_thread_blocked, id=19004, stack(0x00007fef84045000,0x00007fef84146000)]
  0x00007fef941a6000 JavaThread "Reference Handler" daemon [_thread_blocked, id=19003, stack(0x00007fef84146000,0x00007fef84247000)]
  0x00007fef9400a000 JavaThread "main" [_thread_blocked, id=18995, stack(0x00007fef9ab7d000,0x00007fef9ac7e000)]

Other Threads:
  0x00007fef9419e800 VMThread [stack: 0x00007fef84247000,0x00007fef84348000] [id=19002]
  0x00007fef942df000 WatcherThread [stack: 0x00007fef7f4e8000,0x00007fef7f5e9000] [id=19009]

=>0x00007fef94021000 (exited) GCTaskThread [stack: 0x00007fef8f9a2000,0x00007fef8faa3000] [id=19001]

VM state:at safepoint (normal execution)

VM Mutex/Monitor currently owned by a thread:  ([mutex/lock_event])
[0x00007fef94006540] Threads_lock - owner thread: 0x00007fef9419e800
[0x00007fef94006a40] Heap_lock - owner thread: 0x00007fef9400a000

Heap
 PSYoungGen      total 267136K, used 10624K [0x00000007aca00000, 0x00000007dfb90000, 0x0000000800000000)
  eden space 256512K, 0% used [0x00000007aca00000,0x00000007aca00000,0x00000007bc480000)
  from space 10624K, 100% used [0x00000007bc480000,0x00000007bcee0000,0x00000007bcee0000)
  to   space 240896K, 0% used [0x00000007d1050000,0x00000007d1050000,0x00000007dfb90000)
 ParOldGen       total 653440K, used 570768K [0x0000000705e00000, 0x000000072dc20000, 0x00000007aca00000)
  object space 653440K, 87% used [0x0000000705e00000,0x0000000728b64390,0x000000072dc20000)
 PSPermGen       total 21248K, used 5206K [0x0000000700c00000, 0x00000007020c0000, 0x0000000705e00000)
  object space 21248K, 24% used [0x0000000700c00000,0x0000000701115b30,0x00000007020c0000)

Card table byte_map: [0x00007fef903dd000,0x00007fef90bd8000] byte_map_base: 0x00007fef8cbd7000

Polling page: 0x00007fef9ac9d000

Code Cache  [0x00007fef90bd8000, 0x00007fef90e48000, 0x00007fef93bd8000)
 total_blobs=294 nmethods=69 adapters=177 free_code_cache=48464Kb largest_free_block=49528832

Compilation events (10 events):
Event: 0,348 Thread 0x00007fef942b2800 nmethod 64 0x00007fef90c57c50 code [0x00007fef90c57da0, 0x00007fef90c57ea8]
Event: 0,348 Thread 0x00007fef942b2800   65             com.mycompany.tiralabra_maven.tietorakenteet.AvainArvoJono::lisaa (75 bytes)
Event: 0,350 Thread 0x00007fef942b2800 nmethod 65 0x00007fef90c5c3d0 code [0x00007fef90c5c540, 0x00007fef90c5c818]
Event: 0,350 Thread 0x00007fef942b2800   66             com.mycompany.tiralabra_maven.tietorakenteet.AvainArvoSolmu::<init> (19 bytes)
Event: 0,351 Thread 0x00007fef942b2800 nmethod 66 0x00007fef90c5c010 code [0x00007fef90c5c160, 0x00007fef90c5c298]
Event: 0,351 Thread 0x00007fef942b2800   67             com.mycompany.tiralabra_maven.tietorakenteet.AvainArvoSolmu::$jacocoInit (51 bytes)
Event: 0,351 Thread 0x00007fef942b2800 nmethod 67 0x00007fef90c5cad0 code [0x00007fef90c5cc00, 0x00007fef90c5cc78]
Event: 0,351 Thread 0x00007fef942b2800    2 %           com.mycompany.tiralabra_maven.tietorakenteet.AvainArvoJonoTest::testPituus @ 19 (86 bytes)
Event: 0,362 Thread 0x00007fef942b2800 nmethod 2% 0x00007fef90c5cd10 code [0x00007fef90c5cf20, 0x00007fef90c5dc58]
Event: 0,626 Thread 0x00007fef942b1000 nmethod 18 0x00007fef90c73810 code [0x00007fef90c74fc0, 0x00007fef90c87358]

GC Heap History (10 events):
Event: 1,735 GC heap after
Heap after GC invocations=3 (full 0):
 PSYoungGen      total 138880K, used 10592K [0x00000007aca00000, 0x00000007bd940000, 0x0000000800000000)
  eden space 128256K, 0% used [0x00000007aca00000,0x00000007aca00000,0x00000007b4740000)
  from space 10624K, 99% used [0x00000007b4740000,0x00000007b5198020,0x00000007b51a0000)
  to   space 10624K, 0% used [0x00000007bcee0000,0x00000007bcee0000,0x00000007bd940000)
 ParOldGen       total 227776K, used 227633K [0x0000000705e00000, 0x0000000713c70000, 0x00000007aca00000)
  object space 227776K, 99% used [0x0000000705e00000,0x0000000713c4c508,0x0000000713c70000)
 PSPermGen       total 21248K, used 5209K [0x0000000700c00000, 0x00000007020c0000, 0x0000000705e00000)
  object space 21248K, 24% used [0x0000000700c00000,0x0000000701116480,0x00000007020c0000)
}
Event: 1,735 GC heap before
{Heap before GC invocations=4 (full 1):
 PSYoungGen      total 138880K, used 10592K [0x00000007aca00000, 0x00000007bd940000, 0x0000000800000000)
  eden space 128256K, 0% used [0x00000007aca00000,0x00000007aca00000,0x00000007b4740000)
  from space 10624K, 99% used [0x00000007b4740000,0x00000007b5198020,0x00000007b51a0000)
  to   space 10624K, 0% used [0x00000007bcee0000,0x00000007bcee0000,0x00000007bd940000)
 ParOldGen       total 227776K, used 227633K [0x0000000705e00000, 0x0000000713c70000, 0x00000007aca00000)
  object space 227776K, 99% used [0x0000000705e00000,0x0000000713c4c508,0x0000000713c70000)
 PSPermGen       total 21248K, used 5209K [0x0000000700c00000, 0x00000007020c0000, 0x0000000705e00000)
  object space 21248K, 24% used [0x0000000700c00000,0x0000000701116480,0x00000007020c0000)
Event: 2,567 GC heap after
Heap after GC invocations=4 (full 1):
 PSYoungGen      total 138880K, used 8795K [0x00000007aca00000, 0x00000007bd940000, 0x0000000800000000)
  eden space 128256K, 0% used [0x00000007aca00000,0x00000007aca00000,0x00000007b4740000)
  from space 10624K, 82% used [0x00000007b4740000,0x00000007b4fd6d60,0x00000007b51a0000)
  to   space 10624K, 0% used [0x00000007bcee0000,0x00000007bcee0000,0x00000007bd940000)
 ParOldGen       total 453120K, used 227774K [0x0000000705e00000, 0x0000000721880000, 0x00000007aca00000)
  object space 453120K, 50% used [0x0000000705e00000,0x0000000713c6f960,0x0000000721880000)
 PSPermGen       total 21248K, used 5206K [0x0000000700c00000, 0x00000007020c0000, 0x0000000705e00000)
  object space 21248K, 24% used [0x0000000700c00000,0x0000000701115b30,0x00000007020c0000)
}
Event: 2,597 GC heap before
{Heap before GC invocations=5 (full 1):
 PSYoungGen      total 138880K, used 137051K [0x00000007aca00000, 0x00000007bd940000, 0x0000000800000000)
  eden space 128256K, 100% used [0x00000007aca00000,0x00000007b4740000,0x00000007b4740000)
  from space 10624K, 82% used [0x00000007b4740000,0x00000007b4fd6d60,0x00000007b51a0000)
  to   space 10624K, 0% used [0x00000007bcee0000,0x00000007bcee0000,0x00000007bd940000)
 ParOldGen       total 453120K, used 227774K [0x0000000705e00000, 0x0000000721880000, 0x00000007aca00000)
  object space 453120K, 50% used [0x0000000705e00000,0x0000000713c6f960,0x0000000721880000)
 PSPermGen       total 21248K, used 5206K [0x0000000700c00000, 0x00000007020c0000, 0x0000000705e00000)
  object space 21248K, 24% used [0x0000000700c00000,0x0000000701115b30,0x00000007020c0000)
Event: 3,302 GC heap after
Heap after GC invocations=5 (full 1):
 PSYoungGen      total 226624K, used 10592K [0x00000007aca00000, 0x00000007bd940000, 0x0000000800000000)
  eden space 216000K, 0% used [0x00000007aca00000,0x00000007aca00000,0x00000007b9cf0000)
  from space 10624K, 99% used [0x00000007bcee0000,0x00000007bd938020,0x00000007bd940000)
  to   space 10624K, 0% used [0x00000007bc480000,0x00000007bc480000,0x00000007bcee0000)
 ParOldGen       total 453120K, used 354606K [0x0000000705e00000, 0x0000000721880000, 0x00000007aca00000)
  object space 453120K, 78% used [0x0000000705e00000,0x000000071b84b960,0x0000000721880000)
 PSPermGen       total 21248K, used 5206K [0x0000000700c00000, 0x00000007020c0000, 0x0000000705e00000)
  object space 21248K, 24% used [0x0000000700c00000,0x0000000701115b30,0x00000007020c0000)
}
Event: 3,302 GC heap before
{Heap before GC invocations=6 (full 2):
 PSYoungGen      total 226624K, used 10592K [0x00000007aca00000, 0x00000007bd940000, 0x0000000800000000)
  eden space 216000K, 0% used [0x00000007aca00000,0x00000007aca00000,0x00000007b9cf0000)
  from space 10624K, 99% used [0x00000007bcee0000,0x00000007bd938020,0x00000007bd940000)
  to   space 10624K, 0% used [0x00000007bc480000,0x00000007bc480000,0x00000007bcee0000)
 ParOldGen       total 453120K, used 354606K [0x0000000705e00000, 0x0000000721880000, 0x00000007aca00000)
  object space 453120K, 78% used [0x0000000705e00000,0x000000071b84b960,0x0000000721880000)
 PSPermGen       total 21248K, used 5206K [0x0000000700c00000, 0x00000007020c0000, 0x0000000705e00000)
  object space 21248K, 24% used [0x0000000700c00000,0x0000000701115b30,0x00000007020c0000)
Event: 4,262 GC heap after
Heap after GC invocations=6 (full 2):
 PSYoungGen      total 226624K, used 0K [0x00000007aca00000, 0x00000007bd940000, 0x0000000800000000)
  eden space 216000K, 0% used [0x00000007aca00000,0x00000007aca00000,0x00000007b9cf0000)
  from space 10624K, 0% used [0x00000007bcee0000,0x00000007bcee0000,0x00000007bd940000)
  to   space 10624K, 0% used [0x00000007bc480000,0x00000007bc480000,0x00000007bcee0000)
 ParOldGen       total 653440K, used 364824K [0x0000000705e00000, 0x000000072dc20000, 0x00000007aca00000)
  object space 653440K, 55% used [0x0000000705e00000,0x000000071c246390,0x000000072dc20000)
 PSPermGen       total 21248K, used 5206K [0x0000000700c00000, 0x00000007020c0000, 0x0000000705e00000)
  object space 21248K, 24% used [0x0000000700c00000,0x0000000701115b30,0x00000007020c0000)
}
Event: 4,328 GC heap before
{Heap before GC invocations=7 (full 2):
 PSYoungGen      total 226624K, used 216000K [0x00000007aca00000, 0x00000007bd940000, 0x0000000800000000)
  eden space 216000K, 100% used [0x00000007aca00000,0x00000007b9cf0000,0x00000007b9cf0000)
  from space 10624K, 0% used [0x00000007bcee0000,0x00000007bcee0000,0x00000007bd940000)
  to   space 10624K, 0% used [0x00000007bc480000,0x00000007bc480000,0x00000007bcee0000)
 ParOldGen       total 653440K, used 364824K [0x0000000705e00000, 0x000000072dc20000, 0x00000007aca00000)
  object space 653440K, 55% used [0x0000000705e00000,0x000000071c246390,0x000000072dc20000)
 PSPermGen       total 21248K, used 5206K [0x0000000700c00000, 0x00000007020c0000, 0x0000000705e00000)
  object space 21248K, 24% used [0x0000000700c00000,0x0000000701115b30,0x00000007020c0000)
Event: 5,487 GC heap after
Heap after GC invocations=7 (full 2):
 PSYoungGen      total 267136K, used 10624K [0x00000007aca00000, 0x00000007dfb90000, 0x0000000800000000)
  eden space 256512K, 0% used [0x00000007aca00000,0x00000007aca00000,0x00000007bc480000)
  from space 10624K, 100% used [0x00000007bc480000,0x00000007bcee0000,0x00000007bcee0000)
  to   space 240896K, 0% used [0x00000007d1050000,0x00000007d1050000,0x00000007dfb90000)
 ParOldGen       total 653440K, used 570768K [0x0000000705e00000, 0x000000072dc20000, 0x00000007aca00000)
  object space 653440K, 87% used [0x0000000705e00000,0x0000000728b64390,0x000000072dc20000)
 PSPermGen       total 21248K, used 5206K [0x0000000700c00000, 0x00000007020c0000, 0x0000000705e00000)
  object space 21248K, 24% used [0x0000000700c00000,0x0000000701115b30,0x00000007020c0000)
}
Event: 5,487 GC heap before
{Heap before GC invocations=8 (full 3):
 PSYoungGen      total 267136K, used 10624K [0x00000007aca00000, 0x00000007dfb90000, 0x0000000800000000)
  eden space 256512K, 0% used [0x00000007aca00000,0x00000007aca00000,0x00000007bc480000)
  from space 10624K, 100% used [0x00000007bc480000,0x00000007bcee0000,0x00000007bcee0000)
  to   space 240896K, 0% used [0x00000007d1050000,0x00000007d1050000,0x00000007dfb90000)
 ParOldGen       total 653440K, used 570768K [0x0000000705e00000, 0x000000072dc20000, 0x00000007aca00000)
  object space 653440K, 87% used [0x0000000705e00000,0x0000000728b64390,0x000000072dc20000)
 PSPermGen       total 21248K, used 5206K [0x0000000700c00000, 0x00000007020c0000, 0x0000000705e00000)
  object space 21248K, 24% used [0x0000000700c00000,0x0000000701115b30,0x00000007020c0000)

Deoptimization events (0 events):
No events

Internal exceptions (10 events):
Event: 0,315 Thread 0x00007fef9400a000 Threw 0x00000007adac9b40 at /HUDSON/workspace/jdk7u25-2-build-linux-amd64-product/jdk7u25/hotspot/src/share/vm/prims/jvm.cpp:1235
Event: 0,316 Thread 0x00007fef9400a000 Threw 0x00000007adad1288 at /HUDSON/workspace/jdk7u25-2-build-linux-amd64-product/jdk7u25/hotspot/src/share/vm/prims/jvm.cpp:1235
Event: 0,316 Thread 0x00007fef9400a000 Threw 0x00000007adae1038 at /HUDSON/workspace/jdk7u25-2-build-linux-amd64-product/jdk7u25/hotspot/src/share/vm/prims/jvm.cpp:1235
Event: 0,317 Thread 0x00007fef9400a000 Threw 0x00000007adae9938 at /HUDSON/workspace/jdk7u25-2-build-linux-amd64-product/jdk7u25/hotspot/src/share/vm/prims/jvm.cpp:1235
Event: 0,319 Thread 0x00007fef9400a000 Threw 0x00000007adafdc10 at /HUDSON/workspace/jdk7u25-2-build-linux-amd64-product/jdk7u25/hotspot/src/share/vm/prims/jvm.cpp:1235
Event: 0,321 Thread 0x00007fef9400a000 Threw 0x00000007adb0e560 at /HUDSON/workspace/jdk7u25-2-build-linux-amd64-product/jdk7u25/hotspot/src/share/vm/prims/jvm.cpp:1235
Event: 0,322 Thread 0x00007fef9400a000 Threw 0x00000007adb292c0 at /HUDSON/workspace/jdk7u25-2-build-linux-amd64-product/jdk7u25/hotspot/src/share/vm/prims/jvm.cpp:1235
Event: 0,324 Thread 0x00007fef9400a000 Threw 0x00000007adb41188 at /HUDSON/workspace/jdk7u25-2-build-linux-amd64-product/jdk7u25/hotspot/src/share/vm/prims/jvm.cpp:1235
Event: 0,324 Thread 0x00007fef9400a000 Threw 0x00000007adb49000 at /HUDSON/workspace/jdk7u25-2-build-linux-amd64-product/jdk7u25/hotspot/src/share/vm/prims/jvm.cpp:1235
Event: 0,334 Thread 0x00007fef9400a000 Threw 0x00000007adb93180 at /HUDSON/workspace/jdk7u25-2-build-linux-amd64-product/jdk7u25/hotspot/src/share/vm/prims/jvm.cpp:1235

Events (10 events):
Event: 0,616 Executing VM operation: ParallelGCFailedAllocation done
Event: 0,616 loading class 0x00007fef941a5f20
Event: 0,616 loading class 0x00007fef941a5f20 done
Event: 0,631 Executing VM operation: ParallelGCFailedAllocation
Event: 0,974 Executing VM operation: ParallelGCFailedAllocation done
Event: 1,017 Executing VM operation: ParallelGCFailedAllocation
Event: 2,567 Executing VM operation: ParallelGCFailedAllocation done
Event: 2,597 Executing VM operation: ParallelGCFailedAllocation
Event: 4,262 Executing VM operation: ParallelGCFailedAllocation done
Event: 4,328 Executing VM operation: ParallelGCFailedAllocation


Dynamic libraries:
00400000-00401000 r-xp 00000000 09:00 4735910                            /usr/java/jdk1.7.0_25/jre/bin/java
00600000-00601000 rw-p 00000000 09:00 4735910                            /usr/java/jdk1.7.0_25/jre/bin/java
01769000-0178a000 rw-p 00000000 00:00 0                                  [heap]
700c00000-7020c0000 rw-p 00000000 00:00 0 
7020c0000-705e00000 rw-p 00000000 00:00 0 
705e00000-72dc20000 rw-p 00000000 00:00 0 
72dc20000-7aca00000 rw-p 00000000 00:00 0 
7aca00000-7dfb90000 rw-p 00000000 00:00 0 
7dfb90000-800000000 rw-p 00000000 00:00 0 
7fef38000000-7fef38021000 rw-p 00000000 00:00 0 
7fef38021000-7fef3c000000 ---p 00000000 00:00 0 
7fef3c000000-7fef3c021000 rw-p 00000000 00:00 0 
7fef3c021000-7fef40000000 ---p 00000000 00:00 0 
7fef40000000-7fef40c0a000 rw-p 00000000 00:00 0 
7fef40c0a000-7fef44000000 ---p 00000000 00:00 0 
7fef44000000-7fef47f2e000 rw-p 00000000 00:00 0 
7fef47f2e000-7fef48000000 ---p 00000000 00:00 0 
7fef48000000-7fef48021000 rw-p 00000000 00:00 0 
7fef48021000-7fef4c000000 ---p 00000000 00:00 0 
7fef4c000000-7fef4c021000 rw-p 00000000 00:00 0 
7fef4c021000-7fef50000000 ---p 00000000 00:00 0 
7fef50000000-7fef50021000 rw-p 00000000 00:00 0 
7fef50021000-7fef54000000 ---p 00000000 00:00 0 
7fef54000000-7fef54021000 rw-p 00000000 00:00 0 
7fef54021000-7fef58000000 ---p 00000000 00:00 0 
7fef58000000-7fef58200000 rw-p 00000000 00:00 0 
7fef58200000-7fef5c000000 ---p 00000000 00:00 0 
7fef60000000-7fef60021000 rw-p 00000000 00:00 0 
7fef60021000-7fef64000000 ---p 00000000 00:00 0 
7fef68000000-7fef68021000 rw-p 00000000 00:00 0 
7fef68021000-7fef6c000000 ---p 00000000 00:00 0 
7fef70000000-7fef70021000 rw-p 00000000 00:00 0 
7fef70021000-7fef74000000 ---p 00000000 00:00 0 
7fef78000000-7fef78021000 rw-p 00000000 00:00 0 
7fef78021000-7fef7c000000 ---p 00000000 00:00 0 
7fef7f4e8000-7fef7f4e9000 ---p 00000000 00:00 0 
7fef7f4e9000-7fef7f5e9000 rw-p 00000000 00:00 0 
7fef7f5e9000-7fef7f5ec000 ---p 00000000 00:00 0 
7fef7f5ec000-7fef7f6ea000 rw-p 00000000 00:00 0 
7fef7f6ea000-7fef7f6ed000 ---p 00000000 00:00 0 
7fef7f6ed000-7fef7f7eb000 rw-p 00000000 00:00 0 
7fef7f7eb000-7fef7f7ee000 ---p 00000000 00:00 0 
7fef7f7ee000-7fef7f8ec000 rw-p 00000000 00:00 0 
7fef7f8ec000-7fef7f901000 r-xp 00000000 09:00 4735844                    /usr/java/jdk1.7.0_25/jre/lib/amd64/libnet.so
7fef7f901000-7fef7fb01000 ---p 00015000 09:00 4735844                    /usr/java/jdk1.7.0_25/jre/lib/amd64/libnet.so
7fef7fb01000-7fef7fb02000 rw-p 00015000 09:00 4735844                    /usr/java/jdk1.7.0_25/jre/lib/amd64/libnet.so
7fef7fb02000-7fef7fb05000 ---p 00000000 00:00 0 
7fef7fb05000-7fef7fc03000 rw-p 00000000 00:00 0 
7fef7fc03000-7fef80000000 r--p 00000000 09:00 4069388                    /usr/lib/locale/locale-archive
7fef80000000-7fef80021000 rw-p 00000000 00:00 0 
7fef80021000-7fef84000000 ---p 00000000 00:00 0 
7fef84045000-7fef84048000 ---p 00000000 00:00 0 
7fef84048000-7fef84146000 rw-p 00000000 00:00 0 
7fef84146000-7fef84149000 ---p 00000000 00:00 0 
7fef84149000-7fef84247000 rw-p 00000000 00:00 0 
7fef84247000-7fef84248000 ---p 00000000 00:00 0 
7fef84248000-7fef8585d000 rw-p 00000000 00:00 0 
7fef8585d000-7fef85a1a000 r--s 039f9000 09:00 4735684                    /usr/java/jdk1.7.0_25/jre/lib/rt.jar
7fef85a1a000-7fef8f9a2000 rw-p 00000000 00:00 0 
7fef8f9a2000-7fef8f9a3000 ---p 00000000 00:00 0 
7fef8f9a3000-7fef8faa3000 rw-p 00000000 00:00 0 
7fef8faa3000-7fef8faa4000 ---p 00000000 00:00 0 
7fef8faa4000-7fef8fba4000 rw-p 00000000 00:00 0 
7fef8fba4000-7fef8fba5000 ---p 00000000 00:00 0 
7fef8fba5000-7fef8fca5000 rw-p 00000000 00:00 0 
7fef8fca5000-7fef8fca6000 ---p 00000000 00:00 0 
7fef8fca6000-7fef8fda6000 rw-p 00000000 00:00 0 
7fef8fda6000-7fef8fda7000 ---p 00000000 00:00 0 
7fef8fda7000-7fef8ffe7000 rw-p 00000000 00:00 0 
7fef8ffe7000-7fef903dd000 rw-p 00000000 00:00 0 
7fef903dd000-7fef903e8000 rw-p 00000000 00:00 0 
7fef903e8000-7fef90406000 rw-p 00000000 00:00 0 
7fef90406000-7fef90546000 rw-p 00000000 00:00 0 
7fef90546000-7fef9093c000 rw-p 00000000 00:00 0 
7fef9093c000-7fef90ad5000 rw-p 00000000 00:00 0 
7fef90ad5000-7fef90bd7000 rw-p 00000000 00:00 0 
7fef90bd7000-7fef90bd8000 rw-p 00000000 00:00 0 
7fef90bd8000-7fef90e48000 rwxp 00000000 00:00 0 
7fef90e48000-7fef93bd8000 rw-p 00000000 00:00 0 
7fef93bd8000-7fef93bf3000 r-xp 00000000 09:00 4735867                    /usr/java/jdk1.7.0_25/jre/lib/amd64/libzip.so
7fef93bf3000-7fef93df2000 ---p 0001b000 09:00 4735867                    /usr/java/jdk1.7.0_25/jre/lib/amd64/libzip.so
7fef93df2000-7fef93df3000 rw-p 0001a000 09:00 4735867                    /usr/java/jdk1.7.0_25/jre/lib/amd64/libzip.so
7fef93df3000-7fef93dff000 r-xp 00000000 09:00 1729612                    /lib/x86_64-linux-gnu/libnss_files-2.15.so
7fef93dff000-7fef93ffe000 ---p 0000c000 09:00 1729612                    /lib/x86_64-linux-gnu/libnss_files-2.15.so
7fef93ffe000-7fef93fff000 r--p 0000b000 09:00 1729612                    /lib/x86_64-linux-gnu/libnss_files-2.15.so
7fef93fff000-7fef94000000 rw-p 0000c000 09:00 1729612                    /lib/x86_64-linux-gnu/libnss_files-2.15.so
7fef94000000-7fef945b8000 rw-p 00000000 00:00 0 
7fef945b8000-7fef98000000 ---p 00000000 00:00 0 
7fef98057000-7fef980c7000 rw-p 00000000 00:00 0 
7fef980c7000-7fef980c8000 ---p 00000000 00:00 0 
7fef980c8000-7fef981d3000 rw-p 00000000 00:00 0 
7fef981d3000-7fef981f1000 rw-p 00000000 00:00 0 
7fef981f1000-7fef981fb000 r-xp 00000000 09:00 1729608                    /lib/x86_64-linux-gnu/libnss_nis-2.15.so
7fef981fb000-7fef983fb000 ---p 0000a000 09:00 1729608                    /lib/x86_64-linux-gnu/libnss_nis-2.15.so
7fef983fb000-7fef983fc000 r--p 0000a000 09:00 1729608                    /lib/x86_64-linux-gnu/libnss_nis-2.15.so
7fef983fc000-7fef983fd000 rw-p 0000b000 09:00 1729608                    /lib/x86_64-linux-gnu/libnss_nis-2.15.so
7fef983fd000-7fef98414000 r-xp 00000000 09:00 1729621                    /lib/x86_64-linux-gnu/libnsl-2.15.so
7fef98414000-7fef98613000 ---p 00017000 09:00 1729621                    /lib/x86_64-linux-gnu/libnsl-2.15.so
7fef98613000-7fef98614000 r--p 00016000 09:00 1729621                    /lib/x86_64-linux-gnu/libnsl-2.15.so
7fef98614000-7fef98615000 rw-p 00017000 09:00 1729621                    /lib/x86_64-linux-gnu/libnsl-2.15.so
7fef98615000-7fef98617000 rw-p 00000000 00:00 0 
7fef98617000-7fef9861f000 r-xp 00000000 09:00 1729613                    /lib/x86_64-linux-gnu/libnss_compat-2.15.so
7fef9861f000-7fef9881e000 ---p 00008000 09:00 1729613                    /lib/x86_64-linux-gnu/libnss_compat-2.15.so
7fef9881e000-7fef9881f000 r--p 00007000 09:00 1729613                    /lib/x86_64-linux-gnu/libnss_compat-2.15.so
7fef9881f000-7fef98820000 rw-p 00008000 09:00 1729613                    /lib/x86_64-linux-gnu/libnss_compat-2.15.so
7fef98820000-7fef9882a000 r-xp 00000000 09:00 4735868                    /usr/java/jdk1.7.0_25/jre/lib/amd64/libinstrument.so
7fef9882a000-7fef98a29000 ---p 0000a000 09:00 4735868                    /usr/java/jdk1.7.0_25/jre/lib/amd64/libinstrument.so
7fef98a29000-7fef98a2a000 rw-p 00009000 09:00 4735868                    /usr/java/jdk1.7.0_25/jre/lib/amd64/libinstrument.so
7fef98a2a000-7fef98a53000 r-xp 00000000 09:00 4735860                    /usr/java/jdk1.7.0_25/jre/lib/amd64/libjava.so
7fef98a53000-7fef98c53000 ---p 00029000 09:00 4735860                    /usr/java/jdk1.7.0_25/jre/lib/amd64/libjava.so
7fef98c53000-7fef98c55000 rw-p 00029000 09:00 4735860                    /usr/java/jdk1.7.0_25/jre/lib/amd64/libjava.so
7fef98c55000-7fef98c62000 r-xp 00000000 09:00 4735849                    /usr/java/jdk1.7.0_25/jre/lib/amd64/libverify.so
7fef98c62000-7fef98e61000 ---p 0000d000 09:00 4735849                    /usr/java/jdk1.7.0_25/jre/lib/amd64/libverify.so
7fef98e61000-7fef98e63000 rw-p 0000c000 09:00 4735849                    /usr/java/jdk1.7.0_25/jre/lib/amd64/libverify.so
7fef98e63000-7fef98e6a000 r-xp 00000000 09:00 1729606                    /lib/x86_64-linux-gnu/librt-2.15.so
7fef98e6a000-7fef99069000 ---p 00007000 09:00 1729606                    /lib/x86_64-linux-gnu/librt-2.15.so
7fef99069000-7fef9906a000 r--p 00006000 09:00 1729606                    /lib/x86_64-linux-gnu/librt-2.15.so
7fef9906a000-7fef9906b000 rw-p 00007000 09:00 1729606                    /lib/x86_64-linux-gnu/librt-2.15.so
7fef9906b000-7fef99166000 r-xp 00000000 09:00 1729610                    /lib/x86_64-linux-gnu/libm-2.15.so
7fef99166000-7fef99365000 ---p 000fb000 09:00 1729610                    /lib/x86_64-linux-gnu/libm-2.15.so
7fef99365000-7fef99366000 r--p 000fa000 09:00 1729610                    /lib/x86_64-linux-gnu/libm-2.15.so
7fef99366000-7fef99367000 rw-p 000fb000 09:00 1729610                    /lib/x86_64-linux-gnu/libm-2.15.so
7fef99367000-7fef99da8000 r-xp 00000000 09:00 4735865                    /usr/java/jdk1.7.0_25/jre/lib/amd64/server/libjvm.so
7fef99da8000-7fef99fa8000 ---p 00a41000 09:00 4735865                    /usr/java/jdk1.7.0_25/jre/lib/amd64/server/libjvm.so
7fef99fa8000-7fef9a04b000 rw-p 00a41000 09:00 4735865                    /usr/java/jdk1.7.0_25/jre/lib/amd64/server/libjvm.so
7fef9a04b000-7fef9a087000 rw-p 00000000 00:00 0 
7fef9a087000-7fef9a23c000 r-xp 00000000 09:00 1723779                    /lib/x86_64-linux-gnu/libc-2.15.so
7fef9a23c000-7fef9a43b000 ---p 001b5000 09:00 1723779                    /lib/x86_64-linux-gnu/libc-2.15.so
7fef9a43b000-7fef9a43f000 r--p 001b4000 09:00 1723779                    /lib/x86_64-linux-gnu/libc-2.15.so
7fef9a43f000-7fef9a441000 rw-p 001b8000 09:00 1723779                    /lib/x86_64-linux-gnu/libc-2.15.so
7fef9a441000-7fef9a446000 rw-p 00000000 00:00 0 
7fef9a446000-7fef9a448000 r-xp 00000000 09:00 1720080                    /lib/x86_64-linux-gnu/libdl-2.15.so
7fef9a448000-7fef9a648000 ---p 00002000 09:00 1720080                    /lib/x86_64-linux-gnu/libdl-2.15.so
7fef9a648000-7fef9a649000 r--p 00002000 09:00 1720080                    /lib/x86_64-linux-gnu/libdl-2.15.so
7fef9a649000-7fef9a64a000 rw-p 00003000 09:00 1720080                    /lib/x86_64-linux-gnu/libdl-2.15.so
7fef9a64a000-7fef9a660000 r-xp 00000000 09:00 4735886                    /usr/java/jdk1.7.0_25/jre/lib/amd64/jli/libjli.so
7fef9a660000-7fef9a860000 ---p 00016000 09:00 4735886                    /usr/java/jdk1.7.0_25/jre/lib/amd64/jli/libjli.so
7fef9a860000-7fef9a861000 rw-p 00016000 09:00 4735886                    /usr/java/jdk1.7.0_25/jre/lib/amd64/jli/libjli.so
7fef9a861000-7fef9a879000 r-xp 00000000 09:00 1729604                    /lib/x86_64-linux-gnu/libpthread-2.15.so
7fef9a879000-7fef9aa78000 ---p 00018000 09:00 1729604                    /lib/x86_64-linux-gnu/libpthread-2.15.so
7fef9aa78000-7fef9aa79000 r--p 00017000 09:00 1729604                    /lib/x86_64-linux-gnu/libpthread-2.15.so
7fef9aa79000-7fef9aa7a000 rw-p 00018000 09:00 1729604                    /lib/x86_64-linux-gnu/libpthread-2.15.so
7fef9aa7a000-7fef9aa7e000 rw-p 00000000 00:00 0 
7fef9aa7e000-7fef9aaa0000 r-xp 00000000 09:00 1729616                    /lib/x86_64-linux-gnu/ld-2.15.so
7fef9aab6000-7fef9aab8000 r--s 00007000 09:00 4734555                    /home/johnny/.m2/repository/org/apache/maven/surefire/surefire-junit4/2.10/surefire-junit4-2.10.jar
7fef9aab8000-7fef9aabd000 r--s 00023000 09:00 4736978                    /home/johnny/.m2/repository/org/jacoco/org.jacoco.agent/0.5.7.201204190339/org.jacoco.agent-0.5.7.201204190339-runtime.jar
7fef9aabd000-7fef9aac7000 rw-p 00000000 00:00 0 
7fef9aac7000-7fef9ab7d000 rw-p 00000000 00:00 0 
7fef9ab7d000-7fef9ab80000 ---p 00000000 00:00 0 
7fef9ab80000-7fef9ac83000 rw-p 00000000 00:00 0 
7fef9ac83000-7fef9ac85000 r--s 00011000 09:00 4734291                    /home/johnny/.m2/repository/org/hamcrest/hamcrest-core/1.1/hamcrest-core-1.1.jar
7fef9ac85000-7fef9ac8c000 r--s 00037000 09:00 4734247                    /home/johnny/.m2/repository/junit/junit/4.10/junit-4.10.jar
7fef9ac8c000-7fef9ac91000 r--s 00023000 09:00 4734540                    /home/johnny/.m2/repository/org/apache/maven/surefire/surefire-api/2.10/surefire-api-2.10.jar
7fef9ac91000-7fef9ac93000 r--s 00007000 09:00 4734537                    /home/johnny/.m2/repository/org/apache/maven/surefire/surefire-booter/2.10/surefire-booter-2.10.jar
7fef9ac93000-7fef9ac94000 r--s 00000000 09:00 7213668                    /home/johnny/NetBeansProjects/tkt/TiraLabra/Tiralabra_maven/target/surefire/surefirebooter422347929912670194.jar
7fef9ac94000-7fef9ac9c000 rw-s 00000000 09:00 12451966                   /tmp/hsperfdata_johnny/18992
7fef9ac9c000-7fef9ac9d000 rw-p 00000000 00:00 0 
7fef9ac9d000-7fef9ac9e000 ---p 00000000 00:00 0 
7fef9ac9e000-7fef9aca0000 rw-p 00000000 00:00 0 
7fef9aca0000-7fef9aca1000 r--p 00022000 09:00 1729616                    /lib/x86_64-linux-gnu/ld-2.15.so
7fef9aca1000-7fef9aca3000 rw-p 00023000 09:00 1729616                    /lib/x86_64-linux-gnu/ld-2.15.so
7fff0266c000-7fff0268d000 rw-p 00000000 00:00 0                          [stack]
7fff02755000-7fff02756000 r-xp 00000000 00:00 0                          [vdso]
ffffffffff600000-ffffffffff601000 r-xp 00000000 00:00 0                  [vsyscall]

VM Arguments:
jvm_args: -javaagent:/home/johnny/.m2/repository/org/jacoco/org.jacoco.agent/0.5.7.201204190339/org.jacoco.agent-0.5.7.201204190339-runtime.jar=destfile=/home/johnny/NetBeansProjects/tkt/TiraLabra/Tiralabra_maven/target/jacoco.exec 
java_command: /home/johnny/NetBeansProjects/tkt/TiraLabra/Tiralabra_maven/target/surefire/surefirebooter422347929912670194.jar /home/johnny/NetBeansProjects/tkt/TiraLabra/Tiralabra_maven/target/surefire/surefire4104775073717347301tmp /home/johnny/NetBeansProjects/tkt/TiraLabra/Tiralabra_maven/target/surefire/surefire2781527091943870678tmp
Launcher Type: SUN_STANDARD

Environment Variables:
JAVA_HOME=/usr/java/jdk1.7.0_25
JRE_HOME=/usr/local/java/jre1.7.0_09
PATH=/home/johnny/bin:/usr/lib/lightdm/lightdm:/usr/local/sbin:/usr/local/bin:/usr/sbin:/usr/bin:/sbin:/bin:/usr/games:/home/johnny/bin:/usr/java/jdk1.7.0_09/bin:/home/johnny/bin:/usr/local/java/jre1.7.0_09/bin
LD_LIBRARY_PATH=/usr/java/jdk1.7.0_25/jre/lib/amd64:/usr/java/jdk1.7.0_25/jre/lib/i386:
SHELL=/bin/bash
DISPLAY=:0.0

Signal Handlers:
SIGSEGV: [libjvm.so+0x8a26a0], sa_mask[0]=0x7ffbfeff, sa_flags=0x10000004
SIGBUS: [libjvm.so+0x8a26a0], sa_mask[0]=0x7ffbfeff, sa_flags=0x10000004
SIGFPE: [libjvm.so+0x73f3d0], sa_mask[0]=0x7ffbfeff, sa_flags=0x10000004
SIGPIPE: [libjvm.so+0x73f3d0], sa_mask[0]=0x7ffbfeff, sa_flags=0x10000004
SIGXFSZ: [libjvm.so+0x73f3d0], sa_mask[0]=0x7ffbfeff, sa_flags=0x10000004
SIGILL: [libjvm.so+0x73f3d0], sa_mask[0]=0x7ffbfeff, sa_flags=0x10000004
SIGUSR1: SIG_DFL, sa_mask[0]=0x00000000, sa_flags=0x00000000
SIGUSR2: [libjvm.so+0x73ed20], sa_mask[0]=0x00000004, sa_flags=0x10000004
SIGHUP: [libjvm.so+0x7410b0], sa_mask[0]=0x7ffbfeff, sa_flags=0x10000004
SIGINT: SIG_IGN, sa_mask[0]=0x00000000, sa_flags=0x00000000
SIGTERM: [libjvm.so+0x7410b0], sa_mask[0]=0x7ffbfeff, sa_flags=0x10000004
SIGQUIT: [libjvm.so+0x7410b0], sa_mask[0]=0x7ffbfeff, sa_flags=0x10000004


---------------  S Y S T E M  ---------------

OS:wheezy/sid

uname:Linux 3.2.0-51-generic #77-Ubuntu SMP Wed Jul 24 20:18:19 UTC 2013 x86_64
libc:glibc 2.15 NPTL 2.15 
rlimit: STACK 8192k, CORE 0k, NPROC 127895, NOFILE 4096, AS infinity
load average:3,01 2,60 1,22

/proc/meminfo:
MemTotal:       16388604 kB
MemFree:        12111812 kB
Buffers:          331664 kB
Cached:          1552664 kB
SwapCached:            0 kB
Active:          2695416 kB
Inactive:        1166016 kB
Active(anon):    1977684 kB
Inactive(anon):    14192 kB
Active(file):     717732 kB
Inactive(file):  1151824 kB
Unevictable:           0 kB
Mlocked:               0 kB
SwapTotal:        975868 kB
SwapFree:         975868 kB
Dirty:               224 kB
Writeback:             0 kB
AnonPages:       1977044 kB
Mapped:           168284 kB
Shmem:             14884 kB
Slab:             174668 kB
SReclaimable:     140260 kB
SUnreclaim:        34408 kB
KernelStack:        2872 kB
PageTables:        20156 kB
NFS_Unstable:          0 kB
Bounce:                0 kB
WritebackTmp:          0 kB
CommitLimit:     9170168 kB
Committed_AS:    3940836 kB
VmallocTotal:   34359738367 kB
VmallocUsed:      345600 kB
VmallocChunk:   34359383036 kB
HardwareCorrupted:     0 kB
AnonHugePages:         0 kB
HugePages_Total:       0
HugePages_Free:        0
HugePages_Rsvd:        0
HugePages_Surp:        0
Hugepagesize:       2048 kB
DirectMap4k:      165888 kB
DirectMap2M:     5036032 kB
DirectMap1G:    11534336 kB


CPU:total 6 (6 cores per cpu, 2 threads per core) family 6 model 45 stepping 6, cmov, cx8, fxsr, mmx, sse, sse2, sse3, ssse3, sse4.1, sse4.2, popcnt, avx, ht, tsc, tscinvbit, tscinv

/proc/cpuinfo:
processor	: 0
vendor_id	: GenuineIntel
cpu family	: 6
model		: 45
model name	: Intel(R) Core(TM) i7-3930K CPU @ 3.20GHz
stepping	: 6
microcode	: 0x616
cpu MHz		: 3200.071
cache size	: 12288 KB
physical id	: 0
siblings	: 6
core id		: 0
cpu cores	: 6
apicid		: 0
initial apicid	: 0
fpu		: yes
fpu_exception	: yes
cpuid level	: 13
wp		: yes
flags		: fpu vme de pse tsc msr pae mce cx8 apic sep mtrr pge mca cmov pat pse36 clflush dts acpi mmx fxsr sse sse2 ss ht tm pbe syscall nx pdpe1gb rdtscp lm constant_tsc arch_perfmon pebs bts rep_good nopl xtopology nonstop_tsc aperfmperf pni pclmulqdq dtes64 monitor ds_cpl vmx est tm2 ssse3 cx16 xtpr pdcm pcid dca sse4_1 sse4_2 x2apic popcnt tsc_deadline_timer aes xsave avx lahf_lm ida arat xsaveopt pln pts dtherm tpr_shadow vnmi flexpriority ept vpid
bogomips	: 6400.14
clflush size	: 64
cache_alignment	: 64
address sizes	: 46 bits physical, 48 bits virtual
power management:

processor	: 1
vendor_id	: GenuineIntel
cpu family	: 6
model		: 45
model name	: Intel(R) Core(TM) i7-3930K CPU @ 3.20GHz
stepping	: 6
microcode	: 0x616
cpu MHz		: 3200.071
cache size	: 12288 KB
physical id	: 0
siblings	: 6
core id		: 1
cpu cores	: 6
apicid		: 2
initial apicid	: 2
fpu		: yes
fpu_exception	: yes
cpuid level	: 13
wp		: yes
flags		: fpu vme de pse tsc msr pae mce cx8 apic sep mtrr pge mca cmov pat pse36 clflush dts acpi mmx fxsr sse sse2 ss ht tm pbe syscall nx pdpe1gb rdtscp lm constant_tsc arch_perfmon pebs bts rep_good nopl xtopology nonstop_tsc aperfmperf pni pclmulqdq dtes64 monitor ds_cpl vmx est tm2 ssse3 cx16 xtpr pdcm pcid dca sse4_1 sse4_2 x2apic popcnt tsc_deadline_timer aes xsave avx lahf_lm ida arat epb xsaveopt pln pts dtherm tpr_shadow vnmi flexpriority ept vpid
bogomips	: 6399.78
clflush size	: 64
cache_alignment	: 64
address sizes	: 46 bits physical, 48 bits virtual
power management:

processor	: 2
vendor_id	: GenuineIntel
cpu family	: 6
model		: 45
model name	: Intel(R) Core(TM) i7-3930K CPU @ 3.20GHz
stepping	: 6
microcode	: 0x616
cpu MHz		: 3200.071
cache size	: 12288 KB
physical id	: 0
siblings	: 6
core id		: 2
cpu cores	: 6
apicid		: 4
initial apicid	: 4
fpu		: yes
fpu_exception	: yes
cpuid level	: 13
wp		: yes
flags		: fpu vme de pse tsc msr pae mce cx8 apic sep mtrr pge mca cmov pat pse36 clflush dts acpi mmx fxsr sse sse2 ss ht tm pbe syscall nx pdpe1gb rdtscp lm constant_tsc arch_perfmon pebs bts rep_good nopl xtopology nonstop_tsc aperfmperf pni pclmulqdq dtes64 monitor ds_cpl vmx est tm2 ssse3 cx16 xtpr pdcm pcid dca sse4_1 sse4_2 x2apic popcnt tsc_deadline_timer aes xsave avx lahf_lm ida arat epb xsaveopt pln pts dtherm tpr_shadow vnmi flexpriority ept vpid
bogomips	: 6399.78
clflush size	: 64
cache_alignment	: 64
address sizes	: 46 bits physical, 48 bits virtual
power management:

processor	: 3
vendor_id	: GenuineIntel
cpu family	: 6
model		: 45
model name	: Intel(R) Core(TM) i7-3930K CPU @ 3.20GHz
stepping	: 6
microcode	: 0x616
cpu MHz		: 3200.071
cache size	: 12288 KB
physical id	: 0
siblings	: 6
core id		: 3
cpu cores	: 6
apicid		: 6
initial apicid	: 6
fpu		: yes
fpu_exception	: yes
cpuid level	: 13
wp		: yes
flags		: fpu vme de pse tsc msr pae mce cx8 apic sep mtrr pge mca cmov pat pse36 clflush dts acpi mmx fxsr sse sse2 ss ht tm pbe syscall nx pdpe1gb rdtscp lm constant_tsc arch_perfmon pebs bts rep_good nopl xtopology nonstop_tsc aperfmperf pni pclmulqdq dtes64 monitor ds_cpl vmx est tm2 ssse3 cx16 xtpr pdcm pcid dca sse4_1 sse4_2 x2apic popcnt tsc_deadline_timer aes xsave avx lahf_lm ida arat epb xsaveopt pln pts dtherm tpr_shadow vnmi flexpriority ept vpid
bogomips	: 6399.78
clflush size	: 64
cache_alignment	: 64
address sizes	: 46 bits physical, 48 bits virtual
power management:

processor	: 4
vendor_id	: GenuineIntel
cpu family	: 6
model		: 45
model name	: Intel(R) Core(TM) i7-3930K CPU @ 3.20GHz
stepping	: 6
microcode	: 0x616
cpu MHz		: 3200.071
cache size	: 12288 KB
physical id	: 0
siblings	: 6
core id		: 4
cpu cores	: 6
apicid		: 8
initial apicid	: 8
fpu		: yes
fpu_exception	: yes
cpuid level	: 13
wp		: yes
flags		: fpu vme de pse tsc msr pae mce cx8 apic sep mtrr pge mca cmov pat pse36 clflush dts acpi mmx fxsr sse sse2 ss ht tm pbe syscall nx pdpe1gb rdtscp lm constant_tsc arch_perfmon pebs bts rep_good nopl xtopology nonstop_tsc aperfmperf pni pclmulqdq dtes64 monitor ds_cpl vmx est tm2 ssse3 cx16 xtpr pdcm pcid dca sse4_1 sse4_2 x2apic popcnt tsc_deadline_timer aes xsave avx lahf_lm ida arat epb xsaveopt pln pts dtherm tpr_shadow vnmi flexpriority ept vpid
bogomips	: 6399.77
clflush size	: 64
cache_alignment	: 64
address sizes	: 46 bits physical, 48 bits virtual
power management:

processor	: 5
vendor_id	: GenuineIntel
cpu family	: 6
model		: 45
model name	: Intel(R) Core(TM) i7-3930K CPU @ 3.20GHz
stepping	: 6
microcode	: 0x616
cpu MHz		: 3200.071
cache size	: 12288 KB
physical id	: 0
siblings	: 6
core id		: 5
cpu cores	: 6
apicid		: 10
initial apicid	: 10
fpu		: yes
fpu_exception	: yes
cpuid level	: 13
wp		: yes
flags		: fpu vme de pse tsc msr pae mce cx8 apic sep mtrr pge mca cmov pat pse36 clflush dts acpi mmx fxsr sse sse2 ss ht tm pbe syscall nx pdpe1gb rdtscp lm constant_tsc arch_perfmon pebs bts rep_good nopl xtopology nonstop_tsc aperfmperf pni pclmulqdq dtes64 monitor ds_cpl vmx est tm2 ssse3 cx16 xtpr pdcm pcid dca sse4_1 sse4_2 x2apic popcnt tsc_deadline_timer aes xsave avx lahf_lm ida arat epb xsaveopt pln pts dtherm tpr_shadow vnmi flexpriority ept vpid
bogomips	: 6399.78
clflush size	: 64
cache_alignment	: 64
address sizes	: 46 bits physical, 48 bits virtual
power management:



Memory: 4k page, physical 16388604k(12111812k free), swap 975868k(975868k free)

vm_info: Java HotSpot(TM) 64-Bit Server VM (23.25-b01) for linux-amd64 JRE (1.7.0_25-b15), built on Jun  5 2013 20:48:36 by "java_re" with gcc 4.3.0 20080428 (Red Hat 4.3.0-8)

time: Mon Aug 19 17:08:27 2013
elapsed time: 6 seconds

